sfml-graphics-s-d.lib(Transformable.obj) : warning LNK4099: PDB '' n'a pu être trouvé avec 'sfml-graphics-s-d.lib(Transformable.obj)' ou sur '' ; l'objet sera lié sans informations de débogage
sfml-graphics-s-d.lib(Texture.obj) : warning LNK4099: PDB '' n'a pu être trouvé avec 'sfml-graphics-s-d.lib(Texture.obj)' ou sur '' ; l'objet sera lié sans informations de débogage
sfml-graphics-s-d.lib(View.obj) : warning LNK4099: PDB '' n'a pu être trouvé avec 'sfml-graphics-s-d.lib(View.obj)' ou sur '' ; l'objet sera lié sans informations de débogage
sfml-graphics-s-d.lib(RenderTarget.obj) : warning LNK4099: PDB '' n'a pu être trouvé avec 'sfml-graphics-s-d.lib(RenderTarget.obj)' ou sur '' ; l'objet sera lié sans informations de débogage
sfml-graphics-s-d.lib(RenderWindow.obj) : warning LNK4099: PDB '' n'a pu être trouvé avec 'sfml-graphics-s-d.lib(RenderWindow.obj)' ou sur '' ; l'objet sera lié sans informations de débogage
sfml-graphics-s-d.lib(Color.obj) : warning LNK4099: PDB '' n'a pu être trouvé avec 'sfml-graphics-s-d.lib(Color.obj)' ou sur '' ; l'objet sera lié sans informations de débogage
sfml-graphics-s-d.lib(RenderStates.obj) : warning LNK4099: PDB '' n'a pu être trouvé avec 'sfml-graphics-s-d.lib(RenderStates.obj)' ou sur '' ; l'objet sera lié sans informations de débogage
sfml-graphics-s-d.lib(Sprite.obj) : warning LNK4099: PDB '' n'a pu être trouvé avec 'sfml-graphics-s-d.lib(Sprite.obj)' ou sur '' ; l'objet sera lié sans informations de débogage
sfml-graphics-s-d.lib(Transform.obj) : warning LNK4099: PDB '' n'a pu être trouvé avec 'sfml-graphics-s-d.lib(Transform.obj)' ou sur '' ; l'objet sera lié sans informations de débogage
sfml-graphics-s-d.lib(Image.obj) : warning LNK4099: PDB '' n'a pu être trouvé avec 'sfml-graphics-s-d.lib(Image.obj)' ou sur '' ; l'objet sera lié sans informations de débogage
sfml-graphics-s-d.lib(GLExtensions.obj) : warning LNK4099: PDB '' n'a pu être trouvé avec 'sfml-graphics-s-d.lib(GLExtensions.obj)' ou sur '' ; l'objet sera lié sans informations de débogage
sfml-graphics-s-d.lib(GLCheck.obj) : warning LNK4099: PDB '' n'a pu être trouvé avec 'sfml-graphics-s-d.lib(GLCheck.obj)' ou sur '' ; l'objet sera lié sans informations de débogage
sfml-graphics-s-d.lib(TextureSaver.obj) : warning LNK4099: PDB '' n'a pu être trouvé avec 'sfml-graphics-s-d.lib(TextureSaver.obj)' ou sur '' ; l'objet sera lié sans informations de débogage
sfml-graphics-s-d.lib(BlendMode.obj) : warning LNK4099: PDB '' n'a pu être trouvé avec 'sfml-graphics-s-d.lib(BlendMode.obj)' ou sur '' ; l'objet sera lié sans informations de débogage
sfml-graphics-s-d.lib(Vertex.obj) : warning LNK4099: PDB '' n'a pu être trouvé avec 'sfml-graphics-s-d.lib(Vertex.obj)' ou sur '' ; l'objet sera lié sans informations de débogage
sfml-graphics-s-d.lib(Shader.obj) : warning LNK4099: PDB '' n'a pu être trouvé avec 'sfml-graphics-s-d.lib(Shader.obj)' ou sur '' ; l'objet sera lié sans informations de débogage
sfml-graphics-s-d.lib(VertexBuffer.obj) : warning LNK4099: PDB '' n'a pu être trouvé avec 'sfml-graphics-s-d.lib(VertexBuffer.obj)' ou sur '' ; l'objet sera lié sans informations de débogage
sfml-graphics-s-d.lib(RenderTextureImplFBO.obj) : warning LNK4099: PDB '' n'a pu être trouvé avec 'sfml-graphics-s-d.lib(RenderTextureImplFBO.obj)' ou sur '' ; l'objet sera lié sans informations de débogage
sfml-graphics-s-d.lib(ImageLoader.obj) : warning LNK4099: PDB '' n'a pu être trouvé avec 'sfml-graphics-s-d.lib(ImageLoader.obj)' ou sur '' ; l'objet sera lié sans informations de débogage
sfml-graphics-s-d.lib(Glsl.obj) : warning LNK4099: PDB '' n'a pu être trouvé avec 'sfml-graphics-s-d.lib(Glsl.obj)' ou sur '' ; l'objet sera lié sans informations de débogage
sfml-graphics-s-d.lib(RenderTextureImpl.obj) : warning LNK4099: PDB '' n'a pu être trouvé avec 'sfml-graphics-s-d.lib(RenderTextureImpl.obj)' ou sur '' ; l'objet sera lié sans informations de débogage
sfml-window-s-d.lib(Keyboard.obj) : warning LNK4099: PDB '' n'a pu être trouvé avec 'sfml-window-s-d.lib(Keyboard.obj)' ou sur '' ; l'objet sera lié sans informations de débogage
sfml-window-s-d.lib(VideoMode.obj) : warning LNK4099: PDB '' n'a pu être trouvé avec 'sfml-window-s-d.lib(VideoMode.obj)' ou sur '' ; l'objet sera lié sans informations de débogage
sfml-window-s-d.lib(WindowBase.obj) : warning LNK4099: PDB '' n'a pu être trouvé avec 'sfml-window-s-d.lib(WindowBase.obj)' ou sur '' ; l'objet sera lié sans informations de débogage
sfml-window-s-d.lib(Window.obj) : warning LNK4099: PDB '' n'a pu être trouvé avec 'sfml-window-s-d.lib(Window.obj)' ou sur '' ; l'objet sera lié sans informations de débogage
sfml-window-s-d.lib(GlResource.obj) : warning LNK4099: PDB '' n'a pu être trouvé avec 'sfml-window-s-d.lib(GlResource.obj)' ou sur '' ; l'objet sera lié sans informations de débogage
sfml-window-s-d.lib(Context.obj) : warning LNK4099: PDB '' n'a pu être trouvé avec 'sfml-window-s-d.lib(Context.obj)' ou sur '' ; l'objet sera lié sans informations de débogage
sfml-window-s-d.lib(InputImpl.obj) : warning LNK4099: PDB '' n'a pu être trouvé avec 'sfml-window-s-d.lib(InputImpl.obj)' ou sur '' ; l'objet sera lié sans informations de débogage
sfml-window-s-d.lib(VideoModeImpl.obj) : warning LNK4099: PDB '' n'a pu être trouvé avec 'sfml-window-s-d.lib(VideoModeImpl.obj)' ou sur '' ; l'objet sera lié sans informations de débogage
sfml-window-s-d.lib(Cursor.obj) : warning LNK4099: PDB '' n'a pu être trouvé avec 'sfml-window-s-d.lib(Cursor.obj)' ou sur '' ; l'objet sera lié sans informations de débogage
sfml-window-s-d.lib(WindowImpl.obj) : warning LNK4099: PDB '' n'a pu être trouvé avec 'sfml-window-s-d.lib(WindowImpl.obj)' ou sur '' ; l'objet sera lié sans informations de débogage
sfml-window-s-d.lib(GlContext.obj) : warning LNK4099: PDB '' n'a pu être trouvé avec 'sfml-window-s-d.lib(GlContext.obj)' ou sur '' ; l'objet sera lié sans informations de débogage
sfml-window-s-d.lib(CursorImpl.obj) : warning LNK4099: PDB '' n'a pu être trouvé avec 'sfml-window-s-d.lib(CursorImpl.obj)' ou sur '' ; l'objet sera lié sans informations de débogage
sfml-window-s-d.lib(JoystickManager.obj) : warning LNK4099: PDB '' n'a pu être trouvé avec 'sfml-window-s-d.lib(JoystickManager.obj)' ou sur '' ; l'objet sera lié sans informations de débogage
sfml-window-s-d.lib(SensorManager.obj) : warning LNK4099: PDB '' n'a pu être trouvé avec 'sfml-window-s-d.lib(SensorManager.obj)' ou sur '' ; l'objet sera lié sans informations de débogage
sfml-window-s-d.lib(WindowImplWin32.obj) : warning LNK4099: PDB '' n'a pu être trouvé avec 'sfml-window-s-d.lib(WindowImplWin32.obj)' ou sur '' ; l'objet sera lié sans informations de débogage
sfml-window-s-d.lib(VulkanImplWin32.obj) : warning LNK4099: PDB '' n'a pu être trouvé avec 'sfml-window-s-d.lib(VulkanImplWin32.obj)' ou sur '' ; l'objet sera lié sans informations de débogage
sfml-window-s-d.lib(WglContext.obj) : warning LNK4099: PDB '' n'a pu être trouvé avec 'sfml-window-s-d.lib(WglContext.obj)' ou sur '' ; l'objet sera lié sans informations de débogage
sfml-window-s-d.lib(Joystick.obj) : warning LNK4099: PDB '' n'a pu être trouvé avec 'sfml-window-s-d.lib(Joystick.obj)' ou sur '' ; l'objet sera lié sans informations de débogage
sfml-window-s-d.lib(JoystickImpl.obj) : warning LNK4099: PDB '' n'a pu être trouvé avec 'sfml-window-s-d.lib(JoystickImpl.obj)' ou sur '' ; l'objet sera lié sans informations de débogage
sfml-window-s-d.lib(SensorImpl.obj) : warning LNK4099: PDB '' n'a pu être trouvé avec 'sfml-window-s-d.lib(SensorImpl.obj)' ou sur '' ; l'objet sera lié sans informations de débogage
sfml-system-s-d.lib(Time.obj) : warning LNK4099: PDB '' n'a pu être trouvé avec 'sfml-system-s-d.lib(Time.obj)' ou sur '' ; l'objet sera lié sans informations de débogage
sfml-system-s-d.lib(Clock.obj) : warning LNK4099: PDB '' n'a pu être trouvé avec 'sfml-system-s-d.lib(Clock.obj)' ou sur '' ; l'objet sera lié sans informations de débogage
sfml-system-s-d.lib(String.obj) : warning LNK4099: PDB '' n'a pu être trouvé avec 'sfml-system-s-d.lib(String.obj)' ou sur '' ; l'objet sera lié sans informations de débogage
sfml-system-s-d.lib(Mutex.obj) : warning LNK4099: PDB '' n'a pu être trouvé avec 'sfml-system-s-d.lib(Mutex.obj)' ou sur '' ; l'objet sera lié sans informations de débogage
sfml-system-s-d.lib(Lock.obj) : warning LNK4099: PDB '' n'a pu être trouvé avec 'sfml-system-s-d.lib(Lock.obj)' ou sur '' ; l'objet sera lié sans informations de débogage
sfml-system-s-d.lib(Err.obj) : warning LNK4099: PDB '' n'a pu être trouvé avec 'sfml-system-s-d.lib(Err.obj)' ou sur '' ; l'objet sera lié sans informations de débogage
sfml-system-s-d.lib(Sleep.obj) : warning LNK4099: PDB '' n'a pu être trouvé avec 'sfml-system-s-d.lib(Sleep.obj)' ou sur '' ; l'objet sera lié sans informations de débogage
sfml-system-s-d.lib(ThreadLocal.obj) : warning LNK4099: PDB '' n'a pu être trouvé avec 'sfml-system-s-d.lib(ThreadLocal.obj)' ou sur '' ; l'objet sera lié sans informations de débogage
sfml-system-s-d.lib(ClockImpl.obj) : warning LNK4099: PDB '' n'a pu être trouvé avec 'sfml-system-s-d.lib(ClockImpl.obj)' ou sur '' ; l'objet sera lié sans informations de débogage
sfml-system-s-d.lib(MutexImpl.obj) : warning LNK4099: PDB '' n'a pu être trouvé avec 'sfml-system-s-d.lib(MutexImpl.obj)' ou sur '' ; l'objet sera lié sans informations de débogage
sfml-system-s-d.lib(SleepImpl.obj) : warning LNK4099: PDB '' n'a pu être trouvé avec 'sfml-system-s-d.lib(SleepImpl.obj)' ou sur '' ; l'objet sera lié sans informations de débogage
sfml-system-s-d.lib(ThreadLocalImpl.obj) : warning LNK4099: PDB '' n'a pu être trouvé avec 'sfml-system-s-d.lib(ThreadLocalImpl.obj)' ou sur '' ; l'objet sera lié sans informations de débogage
GameObjectLib.lib(GameLoop.obj) : error LNK2019: symbole externe non résolu "public: void __cdecl sf::SoundSource::setVolume(float)" (?setVolume@SoundSource@sf@@QEAAXM@Z) référencé dans la fonction "public: __cdecl GameLoop::GameLoop(void)" (??0GameLoop@@QEAA@XZ)
GameObjectLib.lib(GameLoop.obj) : error LNK2019: symbole externe non résolu "public: void __cdecl sf::SoundStream::setLoop(bool)" (?setLoop@SoundStream@sf@@QEAAX_N@Z) référencé dans la fonction "public: __cdecl GameLoop::GameLoop(void)" (??0GameLoop@@QEAA@XZ)
GameObjectLib.lib(GameLoop.obj) : error LNK2019: symbole externe non résolu "public: __cdecl sf::Music::Music(void)" (??0Music@sf@@QEAA@XZ) référencé dans la fonction "class std::unique_ptr<class sf::Music,struct std::default_delete<class sf::Music> > __cdecl std::make_unique<class sf::Music,0>(void)" (??$make_unique@VMusic@sf@@$$V$0A@@std@@YA?AV?$unique_ptr@VMusic@sf@@U?$default_delete@VMusic@sf@@@std@@@0@XZ)
GameObjectLib.lib(GameLoop.obj) : error LNK2019: symbole externe non résolu "public: bool __cdecl sf::Music::openFromFile(class std::basic_string<char,struct std::char_traits<char>,class std::allocator<char> > const &)" (?openFromFile@Music@sf@@QEAA_NAEBV?$basic_string@DU?$char_traits@D@std@@V?$allocator@D@2@@std@@@Z) référencé dans la fonction "public: __cdecl GameLoop::GameLoop(void)" (??0GameLoop@@QEAA@XZ)
C:\Users\cacag\OneDrive\Desktop\3cEv\x64\Debug\Game.exe : fatal error LNK1120: 4 externes non résolus
